The system is: Windows - 10.0.18362 - AMD64
Compiling the C compiler identification source file "CMakeCCompilerId.c" succeeded.
Compiler: C:/Program Files (x86)/Microsoft Visual Studio/2017/Community/VC/Tools/MSVC/14.16.27023/bin/Hostx86/x86/cl.exe 
Build flags: 
Id flags:  

The output was:
0
Compilateur d'optimisation Microsoft (R) C/C++ version 19.16.27027.1 pour x86
Copyright (C) Microsoft Corporation. Tous droits réservés.

CMakeCCompilerId.c
Microsoft (R) Incremental Linker Version 14.16.27027.1
Copyright (C) Microsoft Corporation.  All rights reserved.

/out:CMakeCCompilerId.exe 
CMakeCCompilerId.obj 


Compilation of the C compiler identification source "CMakeCCompilerId.c" produced "CMakeCCompilerId.exe"

Compilation of the C compiler identification source "CMakeCCompilerId.c" produced "CMakeCCompilerId.obj"

The C compiler identification is MSVC, found in "C:/Users/Arthur/CLionProjects/projet3/cmake-build-debug/CMakeFiles/3.15.3/CompilerIdC/CMakeCCompilerId.exe"

Determining if the C compiler works passed with the following output:
Change Dir: C:/Users/Arthur/CLionProjects/projet3/cmake-build-debug/CMakeFiles/CMakeTmp

Run Build Command(s):nmake /nologo cmTC_db38a\fast && 	"C:\Program Files (x86)\Microsoft Visual Studio\2017\Community\VC\Tools\MSVC\14.16.27023\bin\HostX86\x86\nmake.exe" -f CMakeFiles\cmTC_db38a.dir\build.make /nologo -L                  CMakeFiles\cmTC_db38a.dir\build
Building C object CMakeFiles/cmTC_db38a.dir/testCCompiler.c.obj
	C:\PROGRA~2\MICROS~3\2017\COMMUN~1\VC\Tools\MSVC\1416~1.270\bin\Hostx86\x86\cl.exe @C:\Users\Arthur\AppData\Local\Temp\nmF3A4.tmp
testCCompiler.c
Linking C executable cmTC_db38a.exe
	"C:\Program Files\JetBrains\CLion 2019.3.3\bin\cmake\win\bin\cmake.exe" -E vs_link_exe --intdir=CMakeFiles\cmTC_db38a.dir --rc=C:\PROGRA~2\WI3CF2~1\10\bin\100162~1.0\x86\rc.exe --mt=C:\PROGRA~2\WI3CF2~1\10\bin\100162~1.0\x86\mt.exe --manifests  -- C:\PROGRA~2\MICROS~3\2017\COMMUN~1\VC\Tools\MSVC\1416~1.270\bin\Hostx86\x86\link.exe /nologo @CMakeFiles\cmTC_db38a.dir\objects1.rsp @C:\Users\Arthur\AppData\Local\Temp\nmF4FC.tmp



Detecting C compiler ABI info compiled with the following output:
Change Dir: C:/Users/Arthur/CLionProjects/projet3/cmake-build-debug/CMakeFiles/CMakeTmp

Run Build Command(s):nmake /nologo cmTC_c1a89\fast && 	"C:\Program Files (x86)\Microsoft Visual Studio\2017\Community\VC\Tools\MSVC\14.16.27023\bin\HostX86\x86\nmake.exe" -f CMakeFiles\cmTC_c1a89.dir\build.make /nologo -L                  CMakeFiles\cmTC_c1a89.dir\build
Building C object CMakeFiles/cmTC_c1a89.dir/CMakeCCompilerABI.c.obj
	C:\PROGRA~2\MICROS~3\2017\COMMUN~1\VC\Tools\MSVC\1416~1.270\bin\Hostx86\x86\cl.exe @C:\Users\Arthur\AppData\Local\Temp\nmF79B.tmp
CMakeCCompilerABI.c
Linking C executable cmTC_c1a89.exe
	"C:\Program Files\JetBrains\CLion 2019.3.3\bin\cmake\win\bin\cmake.exe" -E vs_link_exe --intdir=CMakeFiles\cmTC_c1a89.dir --rc=C:\PROGRA~2\WI3CF2~1\10\bin\100162~1.0\x86\rc.exe --mt=C:\PROGRA~2\WI3CF2~1\10\bin\100162~1.0\x86\mt.exe --manifests  -- C:\PROGRA~2\MICROS~3\2017\COMMUN~1\VC\Tools\MSVC\1416~1.270\bin\Hostx86\x86\link.exe /nologo @CMakeFiles\cmTC_c1a89.dir\objects1.rsp @C:\Users\Arthur\AppData\Local\Temp\nmF7DB.tmp



